{"/Users/derickfernando/Documents/PlatformIO/Projects/WearableApp/frontend/src/App.tsx": {"path":"/Users/derickfernando/Documents/PlatformIO/Projects/WearableApp/frontend/src/App.tsx","all":false,"statementMap":{"0":{"start":{"line":1,"column":0},"end":{"line":1,"column":73}},"1":{"start":{"line":2,"column":0},"end":{"line":2,"column":37}},"2":{"start":{"line":3,"column":0},"end":{"line":3,"column":74}},"3":{"start":{"line":4,"column":0},"end":{"line":4,"column":8}},"13":{"start":{"line":14,"column":0},"end":{"line":14,"column":34}},"14":{"start":{"line":15,"column":0},"end":{"line":15,"column":19}},"37":{"start":{"line":38,"column":0},"end":{"line":38,"column":23}},"39":{"start":{"line":40,"column":0},"end":{"line":40,"column":16}},"40":{"start":{"line":41,"column":0},"end":{"line":41,"column":66}},"41":{"start":{"line":42,"column":0},"end":{"line":42,"column":68}},"42":{"start":{"line":43,"column":0},"end":{"line":43,"column":77}},"43":{"start":{"line":44,"column":0},"end":{"line":44,"column":79}},"44":{"start":{"line":45,"column":0},"end":{"line":45,"column":71}},"45":{"start":{"line":46,"column":0},"end":{"line":46,"column":73}},"46":{"start":{"line":47,"column":0},"end":{"line":47,"column":68}},"47":{"start":{"line":48,"column":0},"end":{"line":48,"column":70}},"48":{"start":{"line":49,"column":0},"end":{"line":49,"column":71}},"49":{"start":{"line":50,"column":0},"end":{"line":50,"column":73}},"51":{"start":{"line":52,"column":0},"end":{"line":52,"column":75}},"52":{"start":{"line":53,"column":0},"end":{"line":53,"column":75}},"55":{"start":{"line":56,"column":0},"end":{"line":56,"column":19}},"56":{"start":{"line":57,"column":0},"end":{"line":57,"column":69}},"57":{"start":{"line":58,"column":0},"end":{"line":58,"column":71}},"59":{"start":{"line":60,"column":0},"end":{"line":60,"column":60}},"60":{"start":{"line":61,"column":0},"end":{"line":61,"column":69}},"61":{"start":{"line":62,"column":0},"end":{"line":62,"column":56}},"62":{"start":{"line":63,"column":0},"end":{"line":63,"column":29}},"63":{"start":{"line":64,"column":0},"end":{"line":64,"column":7}},"65":{"start":{"line":66,"column":0},"end":{"line":66,"column":62}},"66":{"start":{"line":67,"column":0},"end":{"line":67,"column":69}},"67":{"start":{"line":68,"column":0},"end":{"line":68,"column":57}},"68":{"start":{"line":69,"column":0},"end":{"line":69,"column":30}},"69":{"start":{"line":70,"column":0},"end":{"line":70,"column":7}},"71":{"start":{"line":72,"column":0},"end":{"line":72,"column":18}},"72":{"start":{"line":73,"column":0},"end":{"line":73,"column":24}},"73":{"start":{"line":74,"column":0},"end":{"line":74,"column":25}},"74":{"start":{"line":75,"column":0},"end":{"line":75,"column":6}},"75":{"start":{"line":76,"column":0},"end":{"line":76,"column":9}},"78":{"start":{"line":79,"column":0},"end":{"line":79,"column":19}},"79":{"start":{"line":80,"column":0},"end":{"line":80,"column":59}},"81":{"start":{"line":82,"column":0},"end":{"line":82,"column":45}},"82":{"start":{"line":83,"column":0},"end":{"line":83,"column":11}},"83":{"start":{"line":84,"column":0},"end":{"line":84,"column":52}},"84":{"start":{"line":85,"column":0},"end":{"line":85,"column":26}},"85":{"start":{"line":86,"column":0},"end":{"line":86,"column":42}},"86":{"start":{"line":87,"column":0},"end":{"line":87,"column":62}},"87":{"start":{"line":88,"column":0},"end":{"line":88,"column":29}},"88":{"start":{"line":89,"column":0},"end":{"line":89,"column":13}},"89":{"start":{"line":90,"column":0},"end":{"line":90,"column":27}},"90":{"start":{"line":91,"column":0},"end":{"line":91,"column":43}},"91":{"start":{"line":92,"column":0},"end":{"line":92,"column":63}},"92":{"start":{"line":93,"column":0},"end":{"line":93,"column":30}},"93":{"start":{"line":94,"column":0},"end":{"line":94,"column":13}},"94":{"start":{"line":95,"column":0},"end":{"line":95,"column":21}},"95":{"start":{"line":96,"column":0},"end":{"line":96,"column":60}},"96":{"start":{"line":97,"column":0},"end":{"line":97,"column":7}},"97":{"start":{"line":98,"column":0},"end":{"line":98,"column":6}},"99":{"start":{"line":100,"column":0},"end":{"line":100,"column":55}},"100":{"start":{"line":101,"column":0},"end":{"line":101,"column":28}},"101":{"start":{"line":102,"column":0},"end":{"line":102,"column":9}},"103":{"start":{"line":104,"column":0},"end":{"line":104,"column":26}},"104":{"start":{"line":105,"column":0},"end":{"line":105,"column":26}},"105":{"start":{"line":106,"column":0},"end":{"line":106,"column":29}},"106":{"start":{"line":107,"column":0},"end":{"line":107,"column":31}},"107":{"start":{"line":108,"column":0},"end":{"line":108,"column":26}},"108":{"start":{"line":109,"column":0},"end":{"line":109,"column":54}},"110":{"start":{"line":111,"column":0},"end":{"line":111,"column":21}},"111":{"start":{"line":112,"column":0},"end":{"line":112,"column":18}},"112":{"start":{"line":113,"column":0},"end":{"line":113,"column":19}},"113":{"start":{"line":114,"column":0},"end":{"line":114,"column":20}},"114":{"start":{"line":115,"column":0},"end":{"line":115,"column":19}},"115":{"start":{"line":116,"column":0},"end":{"line":116,"column":16}},"117":{"start":{"line":118,"column":0},"end":{"line":118,"column":55}},"118":{"start":{"line":119,"column":0},"end":{"line":119,"column":51}},"119":{"start":{"line":120,"column":0},"end":{"line":120,"column":56}},"120":{"start":{"line":121,"column":0},"end":{"line":121,"column":57}},"121":{"start":{"line":122,"column":0},"end":{"line":122,"column":9}},"124":{"start":{"line":125,"column":0},"end":{"line":125,"column":10}},"125":{"start":{"line":126,"column":0},"end":{"line":126,"column":31}},"126":{"start":{"line":127,"column":0},"end":{"line":127,"column":31}},"127":{"start":{"line":128,"column":0},"end":{"line":128,"column":84}},"130":{"start":{"line":131,"column":0},"end":{"line":131,"column":48}},"131":{"start":{"line":132,"column":0},"end":{"line":132,"column":41}},"132":{"start":{"line":133,"column":0},"end":{"line":133,"column":42}},"133":{"start":{"line":134,"column":0},"end":{"line":134,"column":21}},"134":{"start":{"line":135,"column":0},"end":{"line":135,"column":45}},"135":{"start":{"line":136,"column":0},"end":{"line":136,"column":68}},"136":{"start":{"line":137,"column":0},"end":{"line":137,"column":60}},"137":{"start":{"line":138,"column":0},"end":{"line":138,"column":75}},"138":{"start":{"line":139,"column":0},"end":{"line":139,"column":21}},"139":{"start":{"line":140,"column":0},"end":{"line":140,"column":22}},"140":{"start":{"line":141,"column":0},"end":{"line":141,"column":21}},"141":{"start":{"line":142,"column":0},"end":{"line":142,"column":100}},"142":{"start":{"line":143,"column":0},"end":{"line":143,"column":84}},"143":{"start":{"line":144,"column":0},"end":{"line":144,"column":44}},"144":{"start":{"line":145,"column":0},"end":{"line":145,"column":77}},"145":{"start":{"line":146,"column":0},"end":{"line":146,"column":21}},"146":{"start":{"line":147,"column":0},"end":{"line":147,"column":72}},"147":{"start":{"line":148,"column":0},"end":{"line":148,"column":28}},"148":{"start":{"line":149,"column":0},"end":{"line":149,"column":39}},"149":{"start":{"line":150,"column":0},"end":{"line":150,"column":75}},"150":{"start":{"line":151,"column":0},"end":{"line":151,"column":77}},"151":{"start":{"line":152,"column":0},"end":{"line":152,"column":31}},"152":{"start":{"line":153,"column":0},"end":{"line":153,"column":35}},"153":{"start":{"line":154,"column":0},"end":{"line":154,"column":19}},"154":{"start":{"line":155,"column":0},"end":{"line":155,"column":18}},"155":{"start":{"line":156,"column":0},"end":{"line":156,"column":44}},"156":{"start":{"line":157,"column":0},"end":{"line":157,"column":80}},"157":{"start":{"line":158,"column":0},"end":{"line":158,"column":21}},"158":{"start":{"line":159,"column":0},"end":{"line":159,"column":72}},"159":{"start":{"line":160,"column":0},"end":{"line":160,"column":28}},"160":{"start":{"line":161,"column":0},"end":{"line":161,"column":39}},"161":{"start":{"line":162,"column":0},"end":{"line":162,"column":73}},"162":{"start":{"line":163,"column":0},"end":{"line":163,"column":75}},"163":{"start":{"line":164,"column":0},"end":{"line":164,"column":31}},"164":{"start":{"line":165,"column":0},"end":{"line":165,"column":34}},"165":{"start":{"line":166,"column":0},"end":{"line":166,"column":19}},"166":{"start":{"line":167,"column":0},"end":{"line":167,"column":18}},"167":{"start":{"line":168,"column":0},"end":{"line":168,"column":22}},"168":{"start":{"line":169,"column":0},"end":{"line":169,"column":20}},"169":{"start":{"line":170,"column":0},"end":{"line":170,"column":16}},"171":{"start":{"line":172,"column":0},"end":{"line":172,"column":40}},"172":{"start":{"line":173,"column":0},"end":{"line":173,"column":89}},"173":{"start":{"line":174,"column":0},"end":{"line":174,"column":86}},"174":{"start":{"line":175,"column":0},"end":{"line":175,"column":16}},"175":{"start":{"line":176,"column":0},"end":{"line":176,"column":14}},"178":{"start":{"line":179,"column":0},"end":{"line":179,"column":39}},"179":{"start":{"line":180,"column":0},"end":{"line":180,"column":41}},"180":{"start":{"line":181,"column":0},"end":{"line":181,"column":154}},"181":{"start":{"line":182,"column":0},"end":{"line":182,"column":158}},"182":{"start":{"line":183,"column":0},"end":{"line":183,"column":16}},"183":{"start":{"line":184,"column":0},"end":{"line":184,"column":41}},"184":{"start":{"line":185,"column":0},"end":{"line":185,"column":155}},"185":{"start":{"line":186,"column":0},"end":{"line":186,"column":159}},"186":{"start":{"line":187,"column":0},"end":{"line":187,"column":16}},"187":{"start":{"line":188,"column":0},"end":{"line":188,"column":41}},"188":{"start":{"line":189,"column":0},"end":{"line":189,"column":135}},"189":{"start":{"line":190,"column":0},"end":{"line":190,"column":139}},"190":{"start":{"line":191,"column":0},"end":{"line":191,"column":16}},"191":{"start":{"line":192,"column":0},"end":{"line":192,"column":14}},"192":{"start":{"line":193,"column":0},"end":{"line":193,"column":12}},"193":{"start":{"line":194,"column":0},"end":{"line":194,"column":10}},"195":{"start":{"line":196,"column":0},"end":{"line":196,"column":1}},"206":{"start":{"line":207,"column":0},"end":{"line":207,"column":81}},"207":{"start":{"line":208,"column":0},"end":{"line":208,"column":23}},"208":{"start":{"line":209,"column":0},"end":{"line":209,"column":40}},"209":{"start":{"line":210,"column":0},"end":{"line":210,"column":55}},"210":{"start":{"line":211,"column":0},"end":{"line":211,"column":59}},"211":{"start":{"line":212,"column":0},"end":{"line":212,"column":4}},"213":{"start":{"line":214,"column":0},"end":{"line":214,"column":39}},"214":{"start":{"line":215,"column":0},"end":{"line":215,"column":71}},"215":{"start":{"line":216,"column":0},"end":{"line":216,"column":6}},"216":{"start":{"line":217,"column":0},"end":{"line":217,"column":4}},"218":{"start":{"line":219,"column":0},"end":{"line":219,"column":31}},"219":{"start":{"line":220,"column":0},"end":{"line":220,"column":51}},"220":{"start":{"line":221,"column":0},"end":{"line":221,"column":66}},"221":{"start":{"line":222,"column":0},"end":{"line":222,"column":61}},"222":{"start":{"line":223,"column":0},"end":{"line":223,"column":61}},"223":{"start":{"line":224,"column":0},"end":{"line":224,"column":14}},"224":{"start":{"line":225,"column":0},"end":{"line":225,"column":18}},"225":{"start":{"line":226,"column":0},"end":{"line":226,"column":87}},"226":{"start":{"line":227,"column":0},"end":{"line":227,"column":23}},"227":{"start":{"line":228,"column":0},"end":{"line":228,"column":35}},"228":{"start":{"line":229,"column":0},"end":{"line":229,"column":12}},"229":{"start":{"line":230,"column":0},"end":{"line":230,"column":33}},"230":{"start":{"line":231,"column":0},"end":{"line":231,"column":10}},"231":{"start":{"line":232,"column":0},"end":{"line":232,"column":19}},"232":{"start":{"line":233,"column":0},"end":{"line":233,"column":18}},"233":{"start":{"line":234,"column":0},"end":{"line":234,"column":66}},"234":{"start":{"line":235,"column":0},"end":{"line":235,"column":15}},"235":{"start":{"line":236,"column":0},"end":{"line":236,"column":22}},"236":{"start":{"line":237,"column":0},"end":{"line":237,"column":27}},"237":{"start":{"line":238,"column":0},"end":{"line":238,"column":67}},"238":{"start":{"line":239,"column":0},"end":{"line":239,"column":84}},"239":{"start":{"line":240,"column":0},"end":{"line":240,"column":21}},"240":{"start":{"line":241,"column":0},"end":{"line":241,"column":51}},"241":{"start":{"line":242,"column":0},"end":{"line":242,"column":39}},"242":{"start":{"line":243,"column":0},"end":{"line":243,"column":23}},"243":{"start":{"line":244,"column":0},"end":{"line":244,"column":27}},"244":{"start":{"line":245,"column":0},"end":{"line":245,"column":12}},"245":{"start":{"line":246,"column":0},"end":{"line":246,"column":11}},"246":{"start":{"line":247,"column":0},"end":{"line":247,"column":18}},"247":{"start":{"line":248,"column":0},"end":{"line":248,"column":26}},"248":{"start":{"line":249,"column":0},"end":{"line":249,"column":23}},"250":{"start":{"line":251,"column":0},"end":{"line":251,"column":10}},"251":{"start":{"line":252,"column":0},"end":{"line":252,"column":34}},"252":{"start":{"line":253,"column":0},"end":{"line":253,"column":60}},"253":{"start":{"line":254,"column":0},"end":{"line":254,"column":48}},"254":{"start":{"line":255,"column":0},"end":{"line":255,"column":40}},"255":{"start":{"line":256,"column":0},"end":{"line":256,"column":51}},"256":{"start":{"line":257,"column":0},"end":{"line":257,"column":19}},"257":{"start":{"line":258,"column":0},"end":{"line":258,"column":26}},"258":{"start":{"line":259,"column":0},"end":{"line":259,"column":79}},"259":{"start":{"line":260,"column":0},"end":{"line":260,"column":62}},"261":{"start":{"line":262,"column":0},"end":{"line":262,"column":44}},"262":{"start":{"line":263,"column":0},"end":{"line":263,"column":78}},"263":{"start":{"line":264,"column":0},"end":{"line":264,"column":32}},"264":{"start":{"line":265,"column":0},"end":{"line":265,"column":25}},"265":{"start":{"line":266,"column":0},"end":{"line":266,"column":17}},"266":{"start":{"line":267,"column":0},"end":{"line":267,"column":21}},"267":{"start":{"line":268,"column":0},"end":{"line":268,"column":104}},"269":{"start":{"line":270,"column":0},"end":{"line":270,"column":18}},"270":{"start":{"line":271,"column":0},"end":{"line":271,"column":16}},"271":{"start":{"line":272,"column":0},"end":{"line":272,"column":14}},"272":{"start":{"line":273,"column":0},"end":{"line":273,"column":12}},"273":{"start":{"line":274,"column":0},"end":{"line":274,"column":13}},"274":{"start":{"line":275,"column":0},"end":{"line":275,"column":10}},"276":{"start":{"line":277,"column":0},"end":{"line":277,"column":2}},"278":{"start":{"line":279,"column":0},"end":{"line":279,"column":48}},"288":{"start":{"line":289,"column":0},"end":{"line":289,"column":77}},"289":{"start":{"line":290,"column":0},"end":{"line":290,"column":23}},"290":{"start":{"line":291,"column":0},"end":{"line":291,"column":35}},"291":{"start":{"line":292,"column":0},"end":{"line":292,"column":55}},"292":{"start":{"line":293,"column":0},"end":{"line":293,"column":59}},"293":{"start":{"line":294,"column":0},"end":{"line":294,"column":4}},"295":{"start":{"line":296,"column":0},"end":{"line":296,"column":88}},"297":{"start":{"line":298,"column":0},"end":{"line":298,"column":31}},"298":{"start":{"line":299,"column":0},"end":{"line":299,"column":51}},"299":{"start":{"line":300,"column":0},"end":{"line":300,"column":66}},"300":{"start":{"line":301,"column":0},"end":{"line":301,"column":61}},"301":{"start":{"line":302,"column":0},"end":{"line":302,"column":61}},"302":{"start":{"line":303,"column":0},"end":{"line":303,"column":116}},"303":{"start":{"line":304,"column":0},"end":{"line":304,"column":19}},"304":{"start":{"line":305,"column":0},"end":{"line":305,"column":18}},"305":{"start":{"line":306,"column":0},"end":{"line":306,"column":13}},"306":{"start":{"line":307,"column":0},"end":{"line":307,"column":25}},"307":{"start":{"line":308,"column":0},"end":{"line":308,"column":57}},"308":{"start":{"line":309,"column":0},"end":{"line":309,"column":26}},"309":{"start":{"line":310,"column":0},"end":{"line":310,"column":24}},"310":{"start":{"line":311,"column":0},"end":{"line":311,"column":21}},"311":{"start":{"line":312,"column":0},"end":{"line":312,"column":25}},"312":{"start":{"line":313,"column":0},"end":{"line":313,"column":10}},"313":{"start":{"line":314,"column":0},"end":{"line":314,"column":18}},"314":{"start":{"line":315,"column":0},"end":{"line":315,"column":26}},"315":{"start":{"line":316,"column":0},"end":{"line":316,"column":23}},"317":{"start":{"line":318,"column":0},"end":{"line":318,"column":10}},"318":{"start":{"line":319,"column":0},"end":{"line":319,"column":34}},"319":{"start":{"line":320,"column":0},"end":{"line":320,"column":60}},"320":{"start":{"line":321,"column":0},"end":{"line":321,"column":48}},"321":{"start":{"line":322,"column":0},"end":{"line":322,"column":40}},"322":{"start":{"line":323,"column":0},"end":{"line":323,"column":51}},"323":{"start":{"line":324,"column":0},"end":{"line":324,"column":19}},"324":{"start":{"line":325,"column":0},"end":{"line":325,"column":26}},"325":{"start":{"line":326,"column":0},"end":{"line":326,"column":79}},"326":{"start":{"line":327,"column":0},"end":{"line":327,"column":62}},"328":{"start":{"line":329,"column":0},"end":{"line":329,"column":44}},"329":{"start":{"line":330,"column":0},"end":{"line":330,"column":78}},"330":{"start":{"line":331,"column":0},"end":{"line":331,"column":32}},"331":{"start":{"line":332,"column":0},"end":{"line":332,"column":25}},"332":{"start":{"line":333,"column":0},"end":{"line":333,"column":17}},"333":{"start":{"line":334,"column":0},"end":{"line":334,"column":21}},"334":{"start":{"line":335,"column":0},"end":{"line":335,"column":104}},"336":{"start":{"line":337,"column":0},"end":{"line":337,"column":18}},"337":{"start":{"line":338,"column":0},"end":{"line":338,"column":16}},"338":{"start":{"line":339,"column":0},"end":{"line":339,"column":14}},"339":{"start":{"line":340,"column":0},"end":{"line":340,"column":12}},"340":{"start":{"line":341,"column":0},"end":{"line":341,"column":13}},"341":{"start":{"line":342,"column":0},"end":{"line":342,"column":10}},"343":{"start":{"line":344,"column":0},"end":{"line":344,"column":2}},"345":{"start":{"line":346,"column":0},"end":{"line":346,"column":50}},"347":{"start":{"line":348,"column":0},"end":{"line":348,"column":19}}},"s":{"0":1,"1":1,"2":1,"3":1,"13":1,"14":1,"37":1,"39":1,"40":1,"41":1,"42":1,"43":1,"44":1,"45":1,"46":1,"47":1,"48":1,"49":1,"51":1,"52":1,"55":1,"56":1,"57":1,"59":1,"60":0,"61":0,"62":0,"63":1,"65":1,"66":0,"67":0,"68":0,"69":1,"71":1,"72":1,"73":1,"74":1,"75":1,"78":1,"79":1,"81":1,"82":0,"83":0,"84":0,"85":0,"86":0,"87":0,"88":0,"89":0,"90":0,"91":0,"92":0,"93":0,"94":0,"95":0,"96":0,"97":0,"99":1,"100":1,"101":1,"103":1,"104":12,"105":12,"106":12,"107":12,"108":12,"110":1,"111":8,"112":8,"113":8,"114":8,"115":8,"117":8,"118":8,"119":8,"120":8,"121":8,"124":1,"125":1,"126":1,"127":1,"130":1,"131":1,"132":1,"133":1,"134":1,"135":1,"136":1,"137":1,"138":1,"139":1,"140":1,"141":1,"142":1,"143":1,"144":1,"145":1,"146":1,"147":3,"148":3,"149":3,"150":3,"151":3,"152":3,"153":3,"154":1,"155":1,"156":1,"157":1,"158":1,"159":3,"160":3,"161":3,"162":3,"163":3,"164":3,"165":3,"166":1,"167":1,"168":1,"169":1,"171":1,"172":1,"173":1,"174":1,"175":1,"178":1,"179":1,"180":1,"181":1,"182":1,"183":1,"184":1,"185":1,"186":1,"187":1,"188":1,"189":1,"190":1,"191":1,"192":1,"193":1,"195":1,"206":1,"207":4,"208":4,"209":4,"210":4,"211":4,"213":4,"214":4,"215":4,"216":4,"218":4,"219":4,"220":4,"221":4,"222":4,"223":4,"224":4,"225":4,"226":4,"227":4,"228":4,"229":4,"230":4,"231":4,"232":4,"233":4,"234":12,"235":12,"236":12,"237":12,"238":12,"239":12,"240":12,"241":12,"242":12,"243":12,"244":12,"245":4,"246":4,"247":4,"248":4,"250":4,"251":4,"252":4,"253":4,"254":4,"255":4,"256":4,"257":4,"258":4,"259":4,"261":4,"262":12,"263":12,"264":12,"265":4,"266":4,"267":4,"269":4,"270":4,"271":4,"272":4,"273":4,"274":4,"276":4,"278":1,"288":1,"289":2,"290":2,"291":2,"292":2,"293":2,"295":2,"297":2,"298":2,"299":2,"300":2,"301":2,"302":2,"303":2,"304":2,"305":2,"306":2,"307":2,"308":2,"309":2,"310":2,"311":2,"312":2,"313":2,"314":2,"315":2,"317":2,"318":2,"319":2,"320":2,"321":2,"322":2,"323":2,"324":2,"325":2,"326":2,"328":2,"329":6,"330":6,"331":6,"332":2,"333":2,"334":2,"336":2,"337":2,"338":2,"339":2,"340":2,"341":2,"343":2,"345":1,"347":1},"branchMap":{"0":{"type":"branch","line":40,"loc":{"start":{"line":40,"column":0},"end":{"line":196,"column":1}},"locations":[{"start":{"line":40,"column":0},"end":{"line":196,"column":1}}]},"1":{"type":"branch","line":142,"loc":{"start":{"line":142,"column":40},"end":{"line":142,"column":61}},"locations":[{"start":{"line":142,"column":40},"end":{"line":142,"column":61}}]},"2":{"type":"branch","line":142,"loc":{"start":{"line":142,"column":61},"end":{"line":142,"column":83}},"locations":[{"start":{"line":142,"column":61},"end":{"line":142,"column":83}}]},"3":{"type":"branch","line":143,"loc":{"start":{"line":143,"column":36},"end":{"line":143,"column":53}},"locations":[{"start":{"line":143,"column":36},"end":{"line":143,"column":53}}]},"4":{"type":"branch","line":143,"loc":{"start":{"line":143,"column":53},"end":{"line":143,"column":71}},"locations":[{"start":{"line":143,"column":53},"end":{"line":143,"column":71}}]},"5":{"type":"branch","line":56,"loc":{"start":{"line":56,"column":12},"end":{"line":76,"column":5}},"locations":[{"start":{"line":56,"column":12},"end":{"line":76,"column":5}}]},"6":{"type":"branch","line":72,"loc":{"start":{"line":72,"column":11},"end":{"line":75,"column":6}},"locations":[{"start":{"line":72,"column":11},"end":{"line":75,"column":6}}]},"7":{"type":"branch","line":79,"loc":{"start":{"line":79,"column":12},"end":{"line":102,"column":5}},"locations":[{"start":{"line":79,"column":12},"end":{"line":102,"column":5}}]},"8":{"type":"branch","line":100,"loc":{"start":{"line":100,"column":17},"end":{"line":100,"column":55}},"locations":[{"start":{"line":100,"column":17},"end":{"line":100,"column":55}}]},"9":{"type":"branch","line":101,"loc":{"start":{"line":101,"column":11},"end":{"line":101,"column":28}},"locations":[{"start":{"line":101,"column":11},"end":{"line":101,"column":28}}]},"10":{"type":"branch","line":104,"loc":{"start":{"line":104,"column":25},"end":{"line":109,"column":54}},"locations":[{"start":{"line":104,"column":25},"end":{"line":109,"column":54}}]},"11":{"type":"branch","line":109,"loc":{"start":{"line":109,"column":8},"end":{"line":109,"column":51}},"locations":[{"start":{"line":109,"column":8},"end":{"line":109,"column":51}}]},"12":{"type":"branch","line":111,"loc":{"start":{"line":111,"column":20},"end":{"line":122,"column":9}},"locations":[{"start":{"line":111,"column":20},"end":{"line":122,"column":9}}]},"13":{"type":"branch","line":120,"loc":{"start":{"line":120,"column":34},"end":{"line":120,"column":51}},"locations":[{"start":{"line":120,"column":34},"end":{"line":120,"column":51}}]},"14":{"type":"branch","line":121,"loc":{"start":{"line":121,"column":34},"end":{"line":121,"column":52}},"locations":[{"start":{"line":121,"column":34},"end":{"line":121,"column":52}}]},"15":{"type":"branch","line":147,"loc":{"start":{"line":147,"column":63},"end":{"line":154,"column":19}},"locations":[{"start":{"line":147,"column":63},"end":{"line":154,"column":19}}]},"16":{"type":"branch","line":159,"loc":{"start":{"line":159,"column":63},"end":{"line":166,"column":19}},"locations":[{"start":{"line":159,"column":63},"end":{"line":166,"column":19}}]},"17":{"type":"branch","line":207,"loc":{"start":{"line":207,"column":18},"end":{"line":277,"column":2}},"locations":[{"start":{"line":207,"column":18},"end":{"line":277,"column":2}}]},"18":{"type":"branch","line":219,"loc":{"start":{"line":219,"column":24},"end":{"line":248,"column":26}},"locations":[{"start":{"line":219,"column":24},"end":{"line":248,"column":26}}]},"19":{"type":"branch","line":226,"loc":{"start":{"line":226,"column":28},"end":{"line":226,"column":62}},"locations":[{"start":{"line":226,"column":28},"end":{"line":226,"column":62}}]},"20":{"type":"branch","line":226,"loc":{"start":{"line":226,"column":38},"end":{"line":226,"column":87}},"locations":[{"start":{"line":226,"column":38},"end":{"line":226,"column":87}}]},"21":{"type":"branch","line":234,"loc":{"start":{"line":234,"column":55},"end":{"line":245,"column":12}},"locations":[{"start":{"line":234,"column":55},"end":{"line":245,"column":12}}]},"22":{"type":"branch","line":239,"loc":{"start":{"line":239,"column":29},"end":{"line":239,"column":47}},"locations":[{"start":{"line":239,"column":29},"end":{"line":239,"column":47}}]},"23":{"type":"branch","line":239,"loc":{"start":{"line":239,"column":35},"end":{"line":239,"column":84}},"locations":[{"start":{"line":239,"column":35},"end":{"line":239,"column":84}}]},"24":{"type":"branch","line":239,"loc":{"start":{"line":239,"column":56},"end":{"line":239,"column":74}},"locations":[{"start":{"line":239,"column":56},"end":{"line":239,"column":74}}]},"25":{"type":"branch","line":239,"loc":{"start":{"line":239,"column":62},"end":{"line":239,"column":84}},"locations":[{"start":{"line":239,"column":62},"end":{"line":239,"column":84}}]},"26":{"type":"branch","line":241,"loc":{"start":{"line":241,"column":25},"end":{"line":241,"column":45}},"locations":[{"start":{"line":241,"column":25},"end":{"line":241,"column":45}}]},"27":{"type":"branch","line":241,"loc":{"start":{"line":241,"column":35},"end":{"line":241,"column":51}},"locations":[{"start":{"line":241,"column":35},"end":{"line":241,"column":51}}]},"28":{"type":"branch","line":262,"loc":{"start":{"line":262,"column":31},"end":{"line":265,"column":25}},"locations":[{"start":{"line":262,"column":31},"end":{"line":265,"column":25}}]},"29":{"type":"branch","line":289,"loc":{"start":{"line":289,"column":19},"end":{"line":344,"column":2}},"locations":[{"start":{"line":289,"column":19},"end":{"line":344,"column":2}}]},"30":{"type":"branch","line":298,"loc":{"start":{"line":298,"column":24},"end":{"line":315,"column":26}},"locations":[{"start":{"line":298,"column":24},"end":{"line":315,"column":26}}]},"31":{"type":"branch","line":329,"loc":{"start":{"line":329,"column":31},"end":{"line":332,"column":25}},"locations":[{"start":{"line":329,"column":31},"end":{"line":332,"column":25}}]}},"b":{"0":[1],"1":[0],"2":[0],"3":[0],"4":[0],"5":[1],"6":[1],"7":[1],"8":[1],"9":[1],"10":[12],"11":[0],"12":[8],"13":[2],"14":[2],"15":[3],"16":[3],"17":[4],"18":[4],"19":[2],"20":[2],"21":[12],"22":[4],"23":[8],"24":[4],"25":[4],"26":[6],"27":[6],"28":[12],"29":[2],"30":[2],"31":[6]},"fnMap":{"0":{"name":"App","decl":{"start":{"line":40,"column":0},"end":{"line":196,"column":1}},"loc":{"start":{"line":40,"column":0},"end":{"line":196,"column":1}},"line":40},"1":{"name":"handleStart","decl":{"start":{"line":52,"column":22},"end":{"line":52,"column":75}},"loc":{"start":{"line":52,"column":22},"end":{"line":52,"column":75}},"line":52},"2":{"name":"handleStop","decl":{"start":{"line":53,"column":21},"end":{"line":53,"column":75}},"loc":{"start":{"line":53,"column":21},"end":{"line":53,"column":75}},"line":53},"3":{"name":"ws.onmessage","decl":{"start":{"line":82,"column":19},"end":{"line":98,"column":6}},"loc":{"start":{"line":82,"column":19},"end":{"line":98,"column":6}},"line":82},"4":{"name":"ws.onclose","decl":{"start":{"line":100,"column":17},"end":{"line":100,"column":55}},"loc":{"start":{"line":100,"column":17},"end":{"line":100,"column":55}},"line":100},"5":{"name":"getSensorValue","decl":{"start":{"line":104,"column":25},"end":{"line":109,"column":54}},"loc":{"start":{"line":104,"column":25},"end":{"line":109,"column":54}},"line":104},"6":{"name":"renderRow","decl":{"start":{"line":111,"column":20},"end":{"line":122,"column":9}},"loc":{"start":{"line":111,"column":20},"end":{"line":122,"column":9}},"line":111},"7":{"name":"FootChart","decl":{"start":{"line":207,"column":18},"end":{"line":277,"column":2}},"loc":{"start":{"line":207,"column":18},"end":{"line":277,"column":2}},"line":207},"8":{"name":"dataKey","decl":{"start":{"line":238,"column":21},"end":{"line":238,"column":67}},"loc":{"start":{"line":238,"column":21},"end":{"line":238,"column":67}},"line":238},"9":{"name":"onChange","decl":{"start":{"line":259,"column":24},"end":{"line":259,"column":79}},"loc":{"start":{"line":259,"column":24},"end":{"line":259,"column":79}},"line":259},"10":{"name":"ForceChart","decl":{"start":{"line":289,"column":19},"end":{"line":344,"column":2}},"loc":{"start":{"line":289,"column":19},"end":{"line":344,"column":2}},"line":289},"11":{"name":"dataKey","decl":{"start":{"line":308,"column":19},"end":{"line":308,"column":57}},"loc":{"start":{"line":308,"column":19},"end":{"line":308,"column":57}},"line":308},"12":{"name":"onChange","decl":{"start":{"line":326,"column":24},"end":{"line":326,"column":79}},"loc":{"start":{"line":326,"column":24},"end":{"line":326,"column":79}},"line":326}},"f":{"0":1,"1":0,"2":0,"3":0,"4":1,"5":12,"6":8,"7":4,"8":0,"9":0,"10":2,"11":0,"12":0}}
,"/Users/derickfernando/Documents/PlatformIO/Projects/WearableApp/frontend/src/firebase.ts": {"path":"/Users/derickfernando/Documents/PlatformIO/Projects/WearableApp/frontend/src/firebase.ts","all":false,"statementMap":{"0":{"start":{"line":1,"column":0},"end":{"line":1,"column":47}},"1":{"start":{"line":2,"column":0},"end":{"line":2,"column":48}},"14":{"start":{"line":15,"column":0},"end":{"line":15,"column":24}},"15":{"start":{"line":16,"column":0},"end":{"line":16,"column":52}},"16":{"start":{"line":17,"column":0},"end":{"line":17,"column":46}},"17":{"start":{"line":18,"column":0},"end":{"line":18,"column":89}},"18":{"start":{"line":19,"column":0},"end":{"line":19,"column":29}},"19":{"start":{"line":20,"column":0},"end":{"line":20,"column":53}},"20":{"start":{"line":21,"column":0},"end":{"line":21,"column":36}},"21":{"start":{"line":22,"column":0},"end":{"line":22,"column":53}},"22":{"start":{"line":23,"column":0},"end":{"line":23,"column":31}},"23":{"start":{"line":24,"column":0},"end":{"line":24,"column":2}},"26":{"start":{"line":27,"column":0},"end":{"line":27,"column":42}},"27":{"start":{"line":28,"column":0},"end":{"line":28,"column":34}},"29":{"start":{"line":30,"column":0},"end":{"line":30,"column":24}}},"s":{"0":1,"1":1,"14":1,"15":1,"16":1,"17":1,"18":1,"19":1,"20":1,"21":1,"22":1,"23":1,"26":1,"27":1,"29":1},"branchMap":{},"b":{},"fnMap":{},"f":{}}
}
